<?xml version="1.0" encoding="UTF-8"?>
<coverage generated="1560367999728" clover="3.2.0">
  <project timestamp="1560367999728" name="All files">
    <metrics statements="162" coveredstatements="149" conditionals="118" coveredconditionals="98" methods="37" coveredmethods="32" elements="317" coveredelements="279" complexity="0" loc="162" ncloc="162" packages="1" files="1" classes="1"/>
    <file name="index.js" path="C:\Users\Miguel Angel\Documents\skylab\bootcamp\collab\skylab-bootcamp-201904\staff\miguel-angel-zapatero\auction\auction-api\logic\index.js">
      <metrics statements="162" coveredstatements="149" conditionals="118" coveredconditionals="98" methods="37" coveredmethods="32"/>
      <line num="1" count="1" type="stmt"/>
      <line num="2" count="1" type="stmt"/>
      <line num="3" count="1" type="stmt"/>
      <line num="4" count="1" type="stmt"/>
      <line num="5" count="1" type="stmt"/>
      <line num="6" count="1" type="stmt"/>
      <line num="7" count="1" type="stmt"/>
      <line num="9" count="1" type="stmt"/>
      <line num="11" count="1" type="stmt"/>
      <line num="24" count="19" type="stmt"/>
      <line num="31" count="3" type="stmt"/>
      <line num="33" count="2" type="stmt"/>
      <line num="35" count="2" type="stmt"/>
      <line num="36" count="2" type="stmt"/>
      <line num="38" count="2" type="cond" truecount="2" falsecount="0"/>
      <line num="40" count="1" type="stmt"/>
      <line num="53" count="3" type="stmt"/>
      <line num="58" count="3" type="stmt"/>
      <line num="60" count="3" type="stmt"/>
      <line num="61" count="3" type="stmt"/>
      <line num="63" count="3" type="cond" truecount="2" falsecount="0"/>
      <line num="65" count="2" type="stmt"/>
      <line num="67" count="2" type="cond" truecount="2" falsecount="0"/>
      <line num="69" count="1" type="stmt"/>
      <line num="81" count="3" type="stmt"/>
      <line num="85" count="3" type="stmt"/>
      <line num="86" count="3" type="stmt"/>
      <line num="88" count="2" type="cond" truecount="2" falsecount="0"/>
      <line num="90" count="1" type="stmt"/>
      <line num="103" count="5" type="stmt"/>
      <line num="108" count="5" type="stmt"/>
      <line num="110" count="5" type="cond" truecount="1" falsecount="1"/>
      <line num="112" count="5" type="stmt"/>
      <line num="113" count="5" type="stmt"/>
      <line num="114" count="4" type="cond" truecount="2" falsecount="0"/>
      <line num="116" count="3" type="stmt"/>
      <line num="117" count="3" type="cond" truecount="2" falsecount="0"/>
      <line num="119" count="2" type="stmt"/>
      <line num="126" count="2" type="stmt"/>
      <line num="138" count="5" type="stmt"/>
      <line num="144" count="5" type="stmt"/>
      <line num="145" count="5" type="stmt"/>
      <line num="147" count="4" type="cond" truecount="2" falsecount="0"/>
      <line num="149" count="3" type="cond" truecount="2" falsecount="0"/>
      <line num="151" count="2" type="stmt"/>
      <line num="153" count="2" type="cond" truecount="2" falsecount="0"/>
      <line num="155" count="1" type="stmt"/>
      <line num="167" count="3" type="stmt"/>
      <line num="171" count="3" type="stmt"/>
      <line num="172" count="3" type="stmt"/>
      <line num="173" count="2" type="cond" truecount="2" falsecount="0"/>
      <line num="175" count="1" type="stmt"/>
      <line num="177" count="1" type="stmt"/>
      <line num="178" count="1" type="stmt"/>
      <line num="185" count="1" type="cond" truecount="3" falsecount="1"/>
      <line num="186" count="1" type="stmt"/>
      <line num="187" count="1" type="stmt"/>
      <line num="188" count="1" type="stmt"/>
      <line num="189" count="1" type="cond" truecount="1" falsecount="1"/>
      <line num="190" count="1" type="stmt"/>
      <line num="191" count="2" type="stmt"/>
      <line num="192" count="2" type="stmt"/>
      <line num="194" count="2" type="cond" truecount="1" falsecount="1"/>
      <line num="195" count="2" type="stmt"/>
      <line num="196" count="2" type="stmt"/>
      <line num="203" count="1" type="stmt"/>
      <line num="215" count="16" type="stmt"/>
      <line num="221" count="16" type="stmt"/>
      <line num="222" count="16" type="stmt"/>
      <line num="223" count="15" type="cond" truecount="2" falsecount="0"/>
      <line num="225" count="14" type="stmt"/>
      <line num="226" count="13" type="cond" truecount="2" falsecount="0"/>
      <line num="228" count="12" type="cond" truecount="2" falsecount="0"/>
      <line num="230" count="11" type="cond" truecount="2" falsecount="0"/>
      <line num="232" count="10" type="cond" truecount="2" falsecount="0"/>
      <line num="234" count="9" type="stmt"/>
      <line num="235" count="9" type="stmt"/>
      <line num="237" count="9" type="cond" truecount="6" falsecount="0"/>
      <line num="238" count="1" type="stmt"/>
      <line num="239" count="8" type="cond" truecount="3" falsecount="3"/>
      <line num="240" count="0" type="stmt"/>
      <line num="241" count="8" type="cond" truecount="3" falsecount="2"/>
      <line num="242" count="0" type="stmt"/>
      <line num="246" count="8" type="stmt"/>
      <line num="247" count="8" type="stmt"/>
      <line num="248" count="8" type="stmt"/>
      <line num="249" count="8" type="cond" truecount="1" falsecount="1"/>
      <line num="251" count="8" type="stmt"/>
      <line num="253" count="8" type="stmt"/>
      <line num="255" count="8" type="stmt"/>
      <line num="256" count="3" type="stmt"/>
      <line num="259" count="8" type="stmt"/>
      <line num="270" count="8" type="stmt"/>
      <line num="272" count="8" type="cond" truecount="2" falsecount="0"/>
      <line num="273" count="6" type="stmt"/>
      <line num="274" count="6" type="stmt"/>
      <line num="292" count="6" type="stmt"/>
      <line num="302" count="6" type="cond" truecount="4" falsecount="0"/>
      <line num="304" count="6" type="cond" truecount="1" falsecount="1"/>
      <line num="306" count="6" type="stmt"/>
      <line num="308" count="6" type="cond" truecount="9" falsecount="0"/>
      <line num="309" count="5" type="stmt"/>
      <line num="311" count="5" type="cond" truecount="1" falsecount="1"/>
      <line num="312" count="0" type="stmt"/>
      <line num="313" count="0" type="stmt"/>
      <line num="321" count="5" type="cond" truecount="2" falsecount="0"/>
      <line num="322" count="5" type="cond" truecount="2" falsecount="0"/>
      <line num="323" count="5" type="cond" truecount="4" falsecount="0"/>
      <line num="324" count="1" type="stmt"/>
      <line num="328" count="5" type="cond" truecount="4" falsecount="0"/>
      <line num="329" count="2" type="stmt"/>
      <line num="335" count="6" type="stmt"/>
      <line num="336" count="6" type="stmt"/>
      <line num="338" count="6" type="stmt"/>
      <line num="339" count="77" type="stmt"/>
      <line num="340" count="77" type="stmt"/>
      <line num="341" count="77" type="stmt"/>
      <line num="344" count="6" type="stmt"/>
      <line num="357" count="5" type="stmt"/>
      <line num="362" count="5" type="stmt"/>
      <line num="363" count="5" type="stmt"/>
      <line num="364" count="4" type="cond" truecount="2" falsecount="0"/>
      <line num="366" count="3" type="stmt"/>
      <line num="367" count="2" type="cond" truecount="2" falsecount="0"/>
      <line num="369" count="1" type="stmt"/>
      <line num="371" count="1" type="stmt"/>
      <line num="372" count="1" type="stmt"/>
      <line num="374" count="1" type="stmt"/>
      <line num="375" count="0" type="stmt"/>
      <line num="378" count="1" type="stmt"/>
      <line num="391" count="5" type="stmt"/>
      <line num="396" count="5" type="stmt"/>
      <line num="397" count="5" type="stmt"/>
      <line num="398" count="4" type="cond" truecount="2" falsecount="0"/>
      <line num="401" count="3" type="stmt"/>
      <line num="402" count="2" type="cond" truecount="2" falsecount="0"/>
      <line num="404" count="1" type="stmt"/>
      <line num="412" count="1" type="stmt"/>
      <line num="413" count="2" type="cond" truecount="2" falsecount="0"/>
      <line num="414" count="1" type="stmt"/>
      <line num="415" count="1" type="stmt"/>
      <line num="419" count="1" type="stmt"/>
      <line num="438" count="1" type="stmt"/>
      <line num="451" count="1" type="stmt"/>
      <line num="452" count="1" type="stmt"/>
      <line num="453" count="1" type="cond" truecount="1" falsecount="1"/>
      <line num="455" count="1" type="cond" truecount="1" falsecount="1"/>
      <line num="458" count="1" type="cond" truecount="2" falsecount="2"/>
      <line num="459" count="0" type="stmt"/>
      <line num="465" count="0" type="stmt"/>
      <line num="466" count="0" type="stmt"/>
      <line num="467" count="0" type="stmt"/>
      <line num="468" count="0" type="cond" truecount="0" falsecount="2"/>
      <line num="469" count="0" type="stmt"/>
      <line num="472" count="0" type="stmt"/>
      <line num="476" count="0" type="stmt"/>
      <line num="479" count="1" type="stmt"/>
      <line num="487" count="1" type="stmt"/>
      <line num="492" count="1" type="stmt"/>
      <line num="499" count="1" type="stmt"/>
      <line num="504" count="1" type="stmt"/>
      <line num="508" count="1" type="stmt"/>
    </file>
  </project>
</coverage>
