{"C:\\Users\\Miguel Angel\\Documents\\skylab\\bootcamp\\collab\\skylab-bootcamp-201904\\staff\\miguel-angel-zapatero\\auction\\auction-api\\logic\\index.js": {"path":"C:\\Users\\Miguel Angel\\Documents\\skylab\\bootcamp\\collab\\skylab-bootcamp-201904\\staff\\miguel-angel-zapatero\\auction\\auction-api\\logic\\index.js","statementMap":{"0":{"start":{"line":1,"column":72},"end":{"line":1,"column":95}},"1":{"start":{"line":2,"column":23},"end":{"line":2,"column":48}},"2":{"start":{"line":3,"column":17},"end":{"line":3,"column":44}},"3":{"start":{"line":4,"column":15},"end":{"line":4,"column":32}},"4":{"start":{"line":5,"column":19},"end":{"line":5,"column":43}},"5":{"start":{"line":6,"column":11},"end":{"line":6,"column":24}},"6":{"start":{"line":7,"column":15},"end":{"line":7,"column":32}},"7":{"start":{"line":9,"column":86},"end":{"line":9,"column":93}},"8":{"start":{"line":11,"column":14},"end":{"line":506,"column":1}},"9":{"start":{"line":24,"column":8},"end":{"line":29,"column":10}},"10":{"start":{"line":31,"column":8},"end":{"line":31,"column":29}},"11":{"start":{"line":33,"column":28},"end":{"line":33,"column":57}},"12":{"start":{"line":35,"column":8},"end":{"line":41,"column":12}},"13":{"start":{"line":36,"column":25},"end":{"line":36,"column":52}},"14":{"start":{"line":38,"column":12},"end":{"line":38,"column":85}},"15":{"start":{"line":38,"column":21},"end":{"line":38,"column":85}},"16":{"start":{"line":40,"column":12},"end":{"line":40,"column":83}},"17":{"start":{"line":53,"column":8},"end":{"line":56,"column":10}},"18":{"start":{"line":58,"column":8},"end":{"line":58,"column":29}},"19":{"start":{"line":60,"column":8},"end":{"line":70,"column":12}},"20":{"start":{"line":61,"column":25},"end":{"line":61,"column":52}},"21":{"start":{"line":63,"column":12},"end":{"line":63,"column":86}},"22":{"start":{"line":63,"column":22},"end":{"line":63,"column":86}},"23":{"start":{"line":65,"column":25},"end":{"line":65,"column":68}},"24":{"start":{"line":67,"column":12},"end":{"line":67,"column":63}},"25":{"start":{"line":67,"column":22},"end":{"line":67,"column":63}},"26":{"start":{"line":69,"column":12},"end":{"line":69,"column":26}},"27":{"start":{"line":81,"column":8},"end":{"line":83,"column":10}},"28":{"start":{"line":85,"column":8},"end":{"line":91,"column":12}},"29":{"start":{"line":86,"column":25},"end":{"line":86,"column":96}},"30":{"start":{"line":88,"column":12},"end":{"line":88,"column":80}},"31":{"start":{"line":88,"column":22},"end":{"line":88,"column":80}},"32":{"start":{"line":90,"column":12},"end":{"line":90,"column":23}},"33":{"start":{"line":103,"column":8},"end":{"line":106,"column":10}},"34":{"start":{"line":108,"column":51},"end":{"line":108,"column":55}},"35":{"start":{"line":110,"column":8},"end":{"line":110,"column":39}},"36":{"start":{"line":110,"column":18},"end":{"line":110,"column":39}},"37":{"start":{"line":112,"column":8},"end":{"line":127,"column":12}},"38":{"start":{"line":113,"column":25},"end":{"line":113,"column":48}},"39":{"start":{"line":114,"column":12},"end":{"line":114,"column":82}},"40":{"start":{"line":114,"column":23},"end":{"line":114,"column":82}},"41":{"start":{"line":116,"column":34},"end":{"line":116,"column":68}},"42":{"start":{"line":117,"column":12},"end":{"line":117,"column":84}},"43":{"start":{"line":117,"column":30},"end":{"line":117,"column":84}},"44":{"start":{"line":119,"column":25},"end":{"line":124,"column":13}},"45":{"start":{"line":126,"column":12},"end":{"line":126,"column":118}},"46":{"start":{"line":138,"column":8},"end":{"line":142,"column":10}},"47":{"start":{"line":144,"column":8},"end":{"line":156,"column":12}},"48":{"start":{"line":145,"column":25},"end":{"line":145,"column":48}},"49":{"start":{"line":147,"column":12},"end":{"line":147,"column":82}},"50":{"start":{"line":147,"column":23},"end":{"line":147,"column":82}},"51":{"start":{"line":149,"column":12},"end":{"line":149,"column":79}},"52":{"start":{"line":149,"column":38},"end":{"line":149,"column":79}},"53":{"start":{"line":151,"column":25},"end":{"line":151,"column":68}},"54":{"start":{"line":153,"column":12},"end":{"line":153,"column":64}},"55":{"start":{"line":153,"column":23},"end":{"line":153,"column":64}},"56":{"start":{"line":155,"column":12},"end":{"line":155,"column":44}},"57":{"start":{"line":167,"column":8},"end":{"line":169,"column":10}},"58":{"start":{"line":171,"column":8},"end":{"line":204,"column":12}},"59":{"start":{"line":172,"column":25},"end":{"line":172,"column":52}},"60":{"start":{"line":173,"column":12},"end":{"line":173,"column":84}},"61":{"start":{"line":173,"column":22},"end":{"line":173,"column":84}},"62":{"start":{"line":175,"column":28},"end":{"line":175,"column":78}},"63":{"start":{"line":177,"column":30},"end":{"line":183,"column":15}},"64":{"start":{"line":178,"column":16},"end":{"line":182,"column":25}},"65":{"start":{"line":185,"column":12},"end":{"line":201,"column":13}},"66":{"start":{"line":186,"column":16},"end":{"line":200,"column":18}},"67":{"start":{"line":187,"column":20},"end":{"line":187,"column":38}},"68":{"start":{"line":188,"column":20},"end":{"line":188,"column":35}},"69":{"start":{"line":189,"column":20},"end":{"line":199,"column":21}},"70":{"start":{"line":190,"column":24},"end":{"line":198,"column":26}},"71":{"start":{"line":191,"column":28},"end":{"line":191,"column":44}},"72":{"start":{"line":192,"column":28},"end":{"line":192,"column":42}},"73":{"start":{"line":194,"column":28},"end":{"line":197,"column":29}},"74":{"start":{"line":195,"column":32},"end":{"line":195,"column":73}},"75":{"start":{"line":196,"column":32},"end":{"line":196,"column":53}},"76":{"start":{"line":203,"column":12},"end":{"line":203,"column":28}},"77":{"start":{"line":215,"column":8},"end":{"line":219,"column":10}},"78":{"start":{"line":221,"column":8},"end":{"line":260,"column":12}},"79":{"start":{"line":222,"column":25},"end":{"line":222,"column":52}},"80":{"start":{"line":223,"column":12},"end":{"line":223,"column":84}},"81":{"start":{"line":223,"column":22},"end":{"line":223,"column":84}},"82":{"start":{"line":225,"column":25},"end":{"line":225,"column":52}},"83":{"start":{"line":226,"column":12},"end":{"line":226,"column":84}},"84":{"start":{"line":226,"column":22},"end":{"line":226,"column":84}},"85":{"start":{"line":228,"column":12},"end":{"line":228,"column":90}},"86":{"start":{"line":228,"column":32},"end":{"line":228,"column":90}},"87":{"start":{"line":230,"column":12},"end":{"line":230,"column":108}},"88":{"start":{"line":230,"column":32},"end":{"line":230,"column":108}},"89":{"start":{"line":232,"column":12},"end":{"line":232,"column":129}},"90":{"start":{"line":232,"column":41},"end":{"line":232,"column":129}},"91":{"start":{"line":234,"column":24},"end":{"line":234,"column":41}},"92":{"start":{"line":235,"column":30},"end":{"line":235,"column":46}},"93":{"start":{"line":237,"column":12},"end":{"line":243,"column":13}},"94":{"start":{"line":238,"column":16},"end":{"line":238,"column":116}},"95":{"start":{"line":239,"column":19},"end":{"line":243,"column":13}},"96":{"start":{"line":240,"column":16},"end":{"line":240,"column":116}},"97":{"start":{"line":241,"column":19},"end":{"line":243,"column":13}},"98":{"start":{"line":242,"column":16},"end":{"line":242,"column":117}},"99":{"start":{"line":246,"column":24},"end":{"line":246,"column":32}},"100":{"start":{"line":247,"column":28},"end":{"line":247,"column":51}},"101":{"start":{"line":248,"column":25},"end":{"line":248,"column":42}},"102":{"start":{"line":249,"column":12},"end":{"line":249,"column":78}},"103":{"start":{"line":249,"column":29},"end":{"line":249,"column":78}},"104":{"start":{"line":251,"column":12},"end":{"line":251,"column":45}},"105":{"start":{"line":253,"column":12},"end":{"line":253,"column":44}},"106":{"start":{"line":255,"column":12},"end":{"line":257,"column":15}},"107":{"start":{"line":256,"column":16},"end":{"line":256,"column":43}},"108":{"start":{"line":259,"column":12},"end":{"line":259,"column":29}},"109":{"start":{"line":270,"column":22},"end":{"line":270,"column":78}},"110":{"start":{"line":270,"column":51},"end":{"line":270,"column":77}},"111":{"start":{"line":272,"column":8},"end":{"line":275,"column":9}},"112":{"start":{"line":273,"column":12},"end":{"line":273,"column":35}},"113":{"start":{"line":274,"column":12},"end":{"line":274,"column":29}},"114":{"start":{"line":292,"column":8},"end":{"line":300,"column":10}},"115":{"start":{"line":302,"column":8},"end":{"line":302,"column":69}},"116":{"start":{"line":302,"column":33},"end":{"line":302,"column":69}},"117":{"start":{"line":304,"column":8},"end":{"line":304,"column":132}},"118":{"start":{"line":304,"column":34},"end":{"line":304,"column":132}},"119":{"start":{"line":306,"column":21},"end":{"line":306,"column":23}},"120":{"start":{"line":308,"column":8},"end":{"line":333,"column":9}},"121":{"start":{"line":309,"column":12},"end":{"line":309,"column":26}},"122":{"start":{"line":311,"column":12},"end":{"line":319,"column":13}},"123":{"start":{"line":312,"column":30},"end":{"line":312,"column":51}},"124":{"start":{"line":313,"column":16},"end":{"line":318,"column":17}},"125":{"start":{"line":321,"column":12},"end":{"line":321,"column":62}},"126":{"start":{"line":321,"column":26},"end":{"line":321,"column":62}},"127":{"start":{"line":322,"column":12},"end":{"line":322,"column":50}},"128":{"start":{"line":322,"column":22},"end":{"line":322,"column":50}},"129":{"start":{"line":323,"column":12},"end":{"line":327,"column":19}},"130":{"start":{"line":324,"column":16},"end":{"line":327,"column":19}},"131":{"start":{"line":328,"column":12},"end":{"line":332,"column":19}},"132":{"start":{"line":329,"column":16},"end":{"line":332,"column":19}},"133":{"start":{"line":335,"column":8},"end":{"line":345,"column":12}},"134":{"start":{"line":336,"column":24},"end":{"line":336,"column":73}},"135":{"start":{"line":338,"column":12},"end":{"line":342,"column":14}},"136":{"start":{"line":339,"column":16},"end":{"line":339,"column":34}},"137":{"start":{"line":340,"column":16},"end":{"line":340,"column":31}},"138":{"start":{"line":341,"column":16},"end":{"line":341,"column":27}},"139":{"start":{"line":344,"column":12},"end":{"line":344,"column":24}},"140":{"start":{"line":357,"column":8},"end":{"line":360,"column":10}},"141":{"start":{"line":362,"column":8},"end":{"line":379,"column":12}},"142":{"start":{"line":363,"column":25},"end":{"line":363,"column":52}},"143":{"start":{"line":364,"column":12},"end":{"line":364,"column":84}},"144":{"start":{"line":364,"column":22},"end":{"line":364,"column":84}},"145":{"start":{"line":366,"column":23},"end":{"line":366,"column":50}},"146":{"start":{"line":367,"column":12},"end":{"line":367,"column":84}},"147":{"start":{"line":367,"column":22},"end":{"line":367,"column":84}},"148":{"start":{"line":369,"column":12},"end":{"line":369,"column":68}},"149":{"start":{"line":371,"column":12},"end":{"line":371,"column":30}},"150":{"start":{"line":372,"column":12},"end":{"line":372,"column":27}},"151":{"start":{"line":374,"column":12},"end":{"line":376,"column":14}},"152":{"start":{"line":375,"column":16},"end":{"line":375,"column":31}},"153":{"start":{"line":378,"column":12},"end":{"line":378,"column":23}},"154":{"start":{"line":391,"column":8},"end":{"line":394,"column":10}},"155":{"start":{"line":396,"column":8},"end":{"line":420,"column":12}},"156":{"start":{"line":397,"column":25},"end":{"line":397,"column":52}},"157":{"start":{"line":398,"column":12},"end":{"line":398,"column":84}},"158":{"start":{"line":398,"column":22},"end":{"line":398,"column":84}},"159":{"start":{"line":401,"column":25},"end":{"line":401,"column":52}},"160":{"start":{"line":402,"column":12},"end":{"line":402,"column":84}},"161":{"start":{"line":402,"column":22},"end":{"line":402,"column":84}},"162":{"start":{"line":404,"column":25},"end":{"line":410,"column":25}},"163":{"start":{"line":412,"column":12},"end":{"line":417,"column":14}},"164":{"start":{"line":413,"column":16},"end":{"line":416,"column":17}},"165":{"start":{"line":414,"column":20},"end":{"line":414,"column":61}},"166":{"start":{"line":415,"column":20},"end":{"line":415,"column":41}},"167":{"start":{"line":419,"column":12},"end":{"line":419,"column":23}},"168":{"start":{"line":438,"column":8},"end":{"line":449,"column":10}},"169":{"start":{"line":451,"column":8},"end":{"line":480,"column":12}},"170":{"start":{"line":452,"column":25},"end":{"line":452,"column":52}},"171":{"start":{"line":453,"column":12},"end":{"line":453,"column":84}},"172":{"start":{"line":453,"column":22},"end":{"line":453,"column":84}},"173":{"start":{"line":455,"column":12},"end":{"line":455,"column":113}},"174":{"start":{"line":455,"column":38},"end":{"line":455,"column":113}},"175":{"start":{"line":458,"column":12},"end":{"line":477,"column":13}},"176":{"start":{"line":459,"column":16},"end":{"line":463,"column":18}},"177":{"start":{"line":465,"column":35},"end":{"line":474,"column":17}},"178":{"start":{"line":466,"column":44},"end":{"line":473,"column":22}},"179":{"start":{"line":467,"column":39},"end":{"line":470,"column":26}},"180":{"start":{"line":468,"column":28},"end":{"line":468,"column":93}},"181":{"start":{"line":468,"column":39},"end":{"line":468,"column":93}},"182":{"start":{"line":469,"column":28},"end":{"line":469,"column":43}},"183":{"start":{"line":472,"column":24},"end":{"line":472,"column":61}},"184":{"start":{"line":476,"column":16},"end":{"line":476,"column":66}},"185":{"start":{"line":476,"column":51},"end":{"line":476,"column":65}},"186":{"start":{"line":479,"column":12},"end":{"line":479,"column":137}},"187":{"start":{"line":487,"column":23},"end":{"line":490,"column":19}},"188":{"start":{"line":492,"column":8},"end":{"line":492,"column":28}},"189":{"start":{"line":499,"column":27},"end":{"line":502,"column":19}},"190":{"start":{"line":504,"column":8},"end":{"line":504,"column":32}},"191":{"start":{"line":508,"column":0},"end":{"line":508,"column":22}}},"fnMap":{"0":{"name":"(anonymous_0)","decl":{"start":{"line":23,"column":4},"end":{"line":23,"column":5}},"loc":{"start":{"line":23,"column":49},"end":{"line":42,"column":5}},"line":23},"1":{"name":"(anonymous_1)","decl":{"start":{"line":35,"column":16},"end":{"line":35,"column":17}},"loc":{"start":{"line":35,"column":28},"end":{"line":41,"column":9}},"line":35},"2":{"name":"(anonymous_2)","decl":{"start":{"line":52,"column":4},"end":{"line":52,"column":5}},"loc":{"start":{"line":52,"column":38},"end":{"line":71,"column":5}},"line":52},"3":{"name":"(anonymous_3)","decl":{"start":{"line":60,"column":16},"end":{"line":60,"column":17}},"loc":{"start":{"line":60,"column":28},"end":{"line":70,"column":9}},"line":60},"4":{"name":"(anonymous_4)","decl":{"start":{"line":80,"column":4},"end":{"line":80,"column":5}},"loc":{"start":{"line":80,"column":21},"end":{"line":92,"column":5}},"line":80},"5":{"name":"(anonymous_5)","decl":{"start":{"line":85,"column":16},"end":{"line":85,"column":17}},"loc":{"start":{"line":85,"column":28},"end":{"line":91,"column":9}},"line":85},"6":{"name":"(anonymous_6)","decl":{"start":{"line":102,"column":4},"end":{"line":102,"column":5}},"loc":{"start":{"line":102,"column":25},"end":{"line":128,"column":5}},"line":102},"7":{"name":"(anonymous_7)","decl":{"start":{"line":112,"column":16},"end":{"line":112,"column":17}},"loc":{"start":{"line":112,"column":28},"end":{"line":127,"column":9}},"line":112},"8":{"name":"(anonymous_8)","decl":{"start":{"line":137,"column":4},"end":{"line":137,"column":5}},"loc":{"start":{"line":137,"column":36},"end":{"line":157,"column":5}},"line":137},"9":{"name":"(anonymous_9)","decl":{"start":{"line":144,"column":16},"end":{"line":144,"column":17}},"loc":{"start":{"line":144,"column":28},"end":{"line":156,"column":9}},"line":144},"10":{"name":"(anonymous_10)","decl":{"start":{"line":166,"column":4},"end":{"line":166,"column":5}},"loc":{"start":{"line":166,"column":33},"end":{"line":205,"column":5}},"line":166},"11":{"name":"(anonymous_11)","decl":{"start":{"line":171,"column":15},"end":{"line":171,"column":16}},"loc":{"start":{"line":171,"column":26},"end":{"line":204,"column":9}},"line":171},"12":{"name":"(anonymous_12)","decl":{"start":{"line":177,"column":58},"end":{"line":177,"column":59}},"loc":{"start":{"line":177,"column":75},"end":{"line":183,"column":13}},"line":177},"13":{"name":"(anonymous_13)","decl":{"start":{"line":186,"column":34},"end":{"line":186,"column":35}},"loc":{"start":{"line":186,"column":42},"end":{"line":200,"column":17}},"line":186},"14":{"name":"(anonymous_14)","decl":{"start":{"line":190,"column":42},"end":{"line":190,"column":43}},"loc":{"start":{"line":190,"column":49},"end":{"line":198,"column":25}},"line":190},"15":{"name":"(anonymous_15)","decl":{"start":{"line":214,"column":4},"end":{"line":214,"column":5}},"loc":{"start":{"line":214,"column":37},"end":{"line":261,"column":5}},"line":214},"16":{"name":"(anonymous_16)","decl":{"start":{"line":221,"column":16},"end":{"line":221,"column":17}},"loc":{"start":{"line":221,"column":28},"end":{"line":260,"column":9}},"line":221},"17":{"name":"(anonymous_17)","decl":{"start":{"line":255,"column":27},"end":{"line":255,"column":28}},"loc":{"start":{"line":255,"column":43},"end":{"line":257,"column":13}},"line":255},"18":{"name":"(anonymous_18)","decl":{"start":{"line":269,"column":4},"end":{"line":269,"column":5}},"loc":{"start":{"line":269,"column":39},"end":{"line":276,"column":5}},"line":269},"19":{"name":"(anonymous_19)","decl":{"start":{"line":270,"column":43},"end":{"line":270,"column":44}},"loc":{"start":{"line":270,"column":51},"end":{"line":270,"column":77}},"line":270},"20":{"name":"(anonymous_20)","decl":{"start":{"line":291,"column":4},"end":{"line":291,"column":5}},"loc":{"start":{"line":291,"column":80},"end":{"line":346,"column":5}},"line":291},"21":{"name":"(anonymous_21)","decl":{"start":{"line":335,"column":16},"end":{"line":335,"column":17}},"loc":{"start":{"line":335,"column":28},"end":{"line":345,"column":9}},"line":335},"22":{"name":"(anonymous_22)","decl":{"start":{"line":338,"column":30},"end":{"line":338,"column":31}},"loc":{"start":{"line":338,"column":38},"end":{"line":342,"column":13}},"line":338},"23":{"name":"(anonymous_23)","decl":{"start":{"line":356,"column":4},"end":{"line":356,"column":5}},"loc":{"start":{"line":356,"column":33},"end":{"line":380,"column":5}},"line":356},"24":{"name":"(anonymous_24)","decl":{"start":{"line":362,"column":16},"end":{"line":362,"column":17}},"loc":{"start":{"line":362,"column":28},"end":{"line":379,"column":9}},"line":362},"25":{"name":"(anonymous_25)","decl":{"start":{"line":374,"column":30},"end":{"line":374,"column":31}},"loc":{"start":{"line":374,"column":38},"end":{"line":376,"column":13}},"line":374},"26":{"name":"(anonymous_26)","decl":{"start":{"line":390,"column":4},"end":{"line":390,"column":5}},"loc":{"start":{"line":390,"column":37},"end":{"line":421,"column":5}},"line":390},"27":{"name":"(anonymous_27)","decl":{"start":{"line":396,"column":16},"end":{"line":396,"column":17}},"loc":{"start":{"line":396,"column":28},"end":{"line":420,"column":9}},"line":396},"28":{"name":"(anonymous_28)","decl":{"start":{"line":412,"column":30},"end":{"line":412,"column":31}},"loc":{"start":{"line":412,"column":37},"end":{"line":417,"column":13}},"line":412},"29":{"name":"(anonymous_29)","decl":{"start":{"line":437,"column":4},"end":{"line":437,"column":5}},"loc":{"start":{"line":437,"column":117},"end":{"line":481,"column":5}},"line":437},"30":{"name":"(anonymous_30)","decl":{"start":{"line":451,"column":16},"end":{"line":451,"column":17}},"loc":{"start":{"line":451,"column":28},"end":{"line":480,"column":9}},"line":451},"31":{"name":"(anonymous_31)","decl":{"start":{"line":466,"column":31},"end":{"line":466,"column":32}},"loc":{"start":{"line":466,"column":44},"end":{"line":473,"column":22}},"line":466},"32":{"name":"(anonymous_32)","decl":{"start":{"line":466,"column":62},"end":{"line":466,"column":63}},"loc":{"start":{"line":466,"column":83},"end":{"line":473,"column":21}},"line":466},"33":{"name":"(anonymous_33)","decl":{"start":{"line":467,"column":73},"end":{"line":467,"column":74}},"loc":{"start":{"line":467,"column":92},"end":{"line":470,"column":25}},"line":467},"34":{"name":"(anonymous_34)","decl":{"start":{"line":476,"column":44},"end":{"line":476,"column":45}},"loc":{"start":{"line":476,"column":51},"end":{"line":476,"column":65}},"line":476},"35":{"name":"(anonymous_35)","decl":{"start":{"line":486,"column":4},"end":{"line":486,"column":5}},"loc":{"start":{"line":486,"column":27},"end":{"line":493,"column":5}},"line":486},"36":{"name":"(anonymous_36)","decl":{"start":{"line":498,"column":4},"end":{"line":498,"column":5}},"loc":{"start":{"line":498,"column":31},"end":{"line":505,"column":5}},"line":498}},"branchMap":{"0":{"loc":{"start":{"line":38,"column":12},"end":{"line":38,"column":85}},"type":"if","locations":[{"start":{"line":38,"column":12},"end":{"line":38,"column":85}},{"start":{"line":38,"column":12},"end":{"line":38,"column":85}}],"line":38},"1":{"loc":{"start":{"line":63,"column":12},"end":{"line":63,"column":86}},"type":"if","locations":[{"start":{"line":63,"column":12},"end":{"line":63,"column":86}},{"start":{"line":63,"column":12},"end":{"line":63,"column":86}}],"line":63},"2":{"loc":{"start":{"line":67,"column":12},"end":{"line":67,"column":63}},"type":"if","locations":[{"start":{"line":67,"column":12},"end":{"line":67,"column":63}},{"start":{"line":67,"column":12},"end":{"line":67,"column":63}}],"line":67},"3":{"loc":{"start":{"line":88,"column":12},"end":{"line":88,"column":80}},"type":"if","locations":[{"start":{"line":88,"column":12},"end":{"line":88,"column":80}},{"start":{"line":88,"column":12},"end":{"line":88,"column":80}}],"line":88},"4":{"loc":{"start":{"line":110,"column":8},"end":{"line":110,"column":39}},"type":"if","locations":[{"start":{"line":110,"column":8},"end":{"line":110,"column":39}},{"start":{"line":110,"column":8},"end":{"line":110,"column":39}}],"line":110},"5":{"loc":{"start":{"line":114,"column":12},"end":{"line":114,"column":82}},"type":"if","locations":[{"start":{"line":114,"column":12},"end":{"line":114,"column":82}},{"start":{"line":114,"column":12},"end":{"line":114,"column":82}}],"line":114},"6":{"loc":{"start":{"line":117,"column":12},"end":{"line":117,"column":84}},"type":"if","locations":[{"start":{"line":117,"column":12},"end":{"line":117,"column":84}},{"start":{"line":117,"column":12},"end":{"line":117,"column":84}}],"line":117},"7":{"loc":{"start":{"line":120,"column":22},"end":{"line":120,"column":39}},"type":"binary-expr","locations":[{"start":{"line":120,"column":22},"end":{"line":120,"column":26}},{"start":{"line":120,"column":30},"end":{"line":120,"column":39}}],"line":120},"8":{"loc":{"start":{"line":121,"column":25},"end":{"line":121,"column":48}},"type":"binary-expr","locations":[{"start":{"line":121,"column":25},"end":{"line":121,"column":32}},{"start":{"line":121,"column":36},"end":{"line":121,"column":48}}],"line":121},"9":{"loc":{"start":{"line":122,"column":23},"end":{"line":122,"column":42}},"type":"binary-expr","locations":[{"start":{"line":122,"column":23},"end":{"line":122,"column":28}},{"start":{"line":122,"column":32},"end":{"line":122,"column":42}}],"line":122},"10":{"loc":{"start":{"line":123,"column":26},"end":{"line":123,"column":82}},"type":"cond-expr","locations":[{"start":{"line":123,"column":37},"end":{"line":123,"column":66}},{"start":{"line":123,"column":69},"end":{"line":123,"column":82}}],"line":123},"11":{"loc":{"start":{"line":147,"column":12},"end":{"line":147,"column":82}},"type":"if","locations":[{"start":{"line":147,"column":12},"end":{"line":147,"column":82}},{"start":{"line":147,"column":12},"end":{"line":147,"column":82}}],"line":147},"12":{"loc":{"start":{"line":149,"column":12},"end":{"line":149,"column":79}},"type":"if","locations":[{"start":{"line":149,"column":12},"end":{"line":149,"column":79}},{"start":{"line":149,"column":12},"end":{"line":149,"column":79}}],"line":149},"13":{"loc":{"start":{"line":153,"column":12},"end":{"line":153,"column":64}},"type":"if","locations":[{"start":{"line":153,"column":12},"end":{"line":153,"column":64}},{"start":{"line":153,"column":12},"end":{"line":153,"column":64}}],"line":153},"14":{"loc":{"start":{"line":173,"column":12},"end":{"line":173,"column":84}},"type":"if","locations":[{"start":{"line":173,"column":12},"end":{"line":173,"column":84}},{"start":{"line":173,"column":12},"end":{"line":173,"column":84}}],"line":173},"15":{"loc":{"start":{"line":185,"column":12},"end":{"line":201,"column":13}},"type":"if","locations":[{"start":{"line":185,"column":12},"end":{"line":201,"column":13}},{"start":{"line":185,"column":12},"end":{"line":201,"column":13}}],"line":185},"16":{"loc":{"start":{"line":185,"column":15},"end":{"line":185,"column":44}},"type":"binary-expr","locations":[{"start":{"line":185,"column":15},"end":{"line":185,"column":24}},{"start":{"line":185,"column":28},"end":{"line":185,"column":44}}],"line":185},"17":{"loc":{"start":{"line":189,"column":20},"end":{"line":199,"column":21}},"type":"if","locations":[{"start":{"line":189,"column":20},"end":{"line":199,"column":21}},{"start":{"line":189,"column":20},"end":{"line":199,"column":21}}],"line":189},"18":{"loc":{"start":{"line":194,"column":28},"end":{"line":197,"column":29}},"type":"if","locations":[{"start":{"line":194,"column":28},"end":{"line":197,"column":29}},{"start":{"line":194,"column":28},"end":{"line":197,"column":29}}],"line":194},"19":{"loc":{"start":{"line":223,"column":12},"end":{"line":223,"column":84}},"type":"if","locations":[{"start":{"line":223,"column":12},"end":{"line":223,"column":84}},{"start":{"line":223,"column":12},"end":{"line":223,"column":84}}],"line":223},"20":{"loc":{"start":{"line":226,"column":12},"end":{"line":226,"column":84}},"type":"if","locations":[{"start":{"line":226,"column":12},"end":{"line":226,"column":84}},{"start":{"line":226,"column":12},"end":{"line":226,"column":84}}],"line":226},"21":{"loc":{"start":{"line":228,"column":12},"end":{"line":228,"column":90}},"type":"if","locations":[{"start":{"line":228,"column":12},"end":{"line":228,"column":90}},{"start":{"line":228,"column":12},"end":{"line":228,"column":90}}],"line":228},"22":{"loc":{"start":{"line":230,"column":12},"end":{"line":230,"column":108}},"type":"if","locations":[{"start":{"line":230,"column":12},"end":{"line":230,"column":108}},{"start":{"line":230,"column":12},"end":{"line":230,"column":108}}],"line":230},"23":{"loc":{"start":{"line":232,"column":12},"end":{"line":232,"column":129}},"type":"if","locations":[{"start":{"line":232,"column":12},"end":{"line":232,"column":129}},{"start":{"line":232,"column":12},"end":{"line":232,"column":129}}],"line":232},"24":{"loc":{"start":{"line":237,"column":12},"end":{"line":243,"column":13}},"type":"if","locations":[{"start":{"line":237,"column":12},"end":{"line":243,"column":13}},{"start":{"line":237,"column":12},"end":{"line":243,"column":13}}],"line":237},"25":{"loc":{"start":{"line":237,"column":16},"end":{"line":237,"column":86}},"type":"binary-expr","locations":[{"start":{"line":237,"column":16},"end":{"line":237,"column":19}},{"start":{"line":237,"column":24},"end":{"line":237,"column":38}},{"start":{"line":237,"column":42},"end":{"line":237,"column":56}},{"start":{"line":237,"column":61},"end":{"line":237,"column":86}}],"line":237},"26":{"loc":{"start":{"line":239,"column":19},"end":{"line":243,"column":13}},"type":"if","locations":[{"start":{"line":239,"column":19},"end":{"line":243,"column":13}},{"start":{"line":239,"column":19},"end":{"line":243,"column":13}}],"line":239},"27":{"loc":{"start":{"line":239,"column":23},"end":{"line":239,"column":94}},"type":"binary-expr","locations":[{"start":{"line":239,"column":23},"end":{"line":239,"column":26}},{"start":{"line":239,"column":31},"end":{"line":239,"column":46}},{"start":{"line":239,"column":50},"end":{"line":239,"column":64}},{"start":{"line":239,"column":69},"end":{"line":239,"column":94}}],"line":239},"28":{"loc":{"start":{"line":241,"column":19},"end":{"line":243,"column":13}},"type":"if","locations":[{"start":{"line":241,"column":19},"end":{"line":243,"column":13}},{"start":{"line":241,"column":19},"end":{"line":243,"column":13}}],"line":241},"29":{"loc":{"start":{"line":241,"column":23},"end":{"line":241,"column":75}},"type":"binary-expr","locations":[{"start":{"line":241,"column":23},"end":{"line":241,"column":26}},{"start":{"line":241,"column":30},"end":{"line":241,"column":45}},{"start":{"line":241,"column":49},"end":{"line":241,"column":75}}],"line":241},"30":{"loc":{"start":{"line":249,"column":12},"end":{"line":249,"column":78}},"type":"if","locations":[{"start":{"line":249,"column":12},"end":{"line":249,"column":78}},{"start":{"line":249,"column":12},"end":{"line":249,"column":78}}],"line":249},"31":{"loc":{"start":{"line":272,"column":8},"end":{"line":275,"column":9}},"type":"if","locations":[{"start":{"line":272,"column":8},"end":{"line":275,"column":9}},{"start":{"line":272,"column":8},"end":{"line":275,"column":9}}],"line":272},"32":{"loc":{"start":{"line":302,"column":8},"end":{"line":302,"column":69}},"type":"if","locations":[{"start":{"line":302,"column":8},"end":{"line":302,"column":69}},{"start":{"line":302,"column":8},"end":{"line":302,"column":69}}],"line":302},"33":{"loc":{"start":{"line":302,"column":11},"end":{"line":302,"column":31}},"type":"binary-expr","locations":[{"start":{"line":302,"column":11},"end":{"line":302,"column":20}},{"start":{"line":302,"column":24},"end":{"line":302,"column":31}}],"line":302},"34":{"loc":{"start":{"line":304,"column":8},"end":{"line":304,"column":132}},"type":"if","locations":[{"start":{"line":304,"column":8},"end":{"line":304,"column":132}},{"start":{"line":304,"column":8},"end":{"line":304,"column":132}}],"line":304},"35":{"loc":{"start":{"line":308,"column":8},"end":{"line":333,"column":9}},"type":"if","locations":[{"start":{"line":308,"column":8},"end":{"line":333,"column":9}},{"start":{"line":308,"column":8},"end":{"line":333,"column":9}}],"line":308},"36":{"loc":{"start":{"line":308,"column":12},"end":{"line":308,"column":90}},"type":"binary-expr","locations":[{"start":{"line":308,"column":12},"end":{"line":308,"column":16}},{"start":{"line":308,"column":20},"end":{"line":308,"column":28}},{"start":{"line":308,"column":32},"end":{"line":308,"column":36}},{"start":{"line":308,"column":41},"end":{"line":308,"column":50}},{"start":{"line":308,"column":54},"end":{"line":308,"column":61}},{"start":{"line":308,"column":67},"end":{"line":308,"column":77}},{"start":{"line":308,"column":81},"end":{"line":308,"column":89}}],"line":308},"37":{"loc":{"start":{"line":311,"column":12},"end":{"line":319,"column":13}},"type":"if","locations":[{"start":{"line":311,"column":12},"end":{"line":319,"column":13}},{"start":{"line":311,"column":12},"end":{"line":319,"column":13}}],"line":311},"38":{"loc":{"start":{"line":321,"column":12},"end":{"line":321,"column":62}},"type":"if","locations":[{"start":{"line":321,"column":12},"end":{"line":321,"column":62}},{"start":{"line":321,"column":12},"end":{"line":321,"column":62}}],"line":321},"39":{"loc":{"start":{"line":322,"column":12},"end":{"line":322,"column":50}},"type":"if","locations":[{"start":{"line":322,"column":12},"end":{"line":322,"column":50}},{"start":{"line":322,"column":12},"end":{"line":322,"column":50}}],"line":322},"40":{"loc":{"start":{"line":323,"column":12},"end":{"line":327,"column":19}},"type":"if","locations":[{"start":{"line":323,"column":12},"end":{"line":327,"column":19}},{"start":{"line":323,"column":12},"end":{"line":327,"column":19}}],"line":323},"41":{"loc":{"start":{"line":323,"column":16},"end":{"line":323,"column":36}},"type":"binary-expr","locations":[{"start":{"line":323,"column":16},"end":{"line":323,"column":25}},{"start":{"line":323,"column":29},"end":{"line":323,"column":36}}],"line":323},"42":{"loc":{"start":{"line":328,"column":12},"end":{"line":332,"column":19}},"type":"if","locations":[{"start":{"line":328,"column":12},"end":{"line":332,"column":19}},{"start":{"line":328,"column":12},"end":{"line":332,"column":19}}],"line":328},"43":{"loc":{"start":{"line":328,"column":16},"end":{"line":328,"column":38}},"type":"binary-expr","locations":[{"start":{"line":328,"column":16},"end":{"line":328,"column":26}},{"start":{"line":328,"column":30},"end":{"line":328,"column":38}}],"line":328},"44":{"loc":{"start":{"line":364,"column":12},"end":{"line":364,"column":84}},"type":"if","locations":[{"start":{"line":364,"column":12},"end":{"line":364,"column":84}},{"start":{"line":364,"column":12},"end":{"line":364,"column":84}}],"line":364},"45":{"loc":{"start":{"line":367,"column":12},"end":{"line":367,"column":84}},"type":"if","locations":[{"start":{"line":367,"column":12},"end":{"line":367,"column":84}},{"start":{"line":367,"column":12},"end":{"line":367,"column":84}}],"line":367},"46":{"loc":{"start":{"line":398,"column":12},"end":{"line":398,"column":84}},"type":"if","locations":[{"start":{"line":398,"column":12},"end":{"line":398,"column":84}},{"start":{"line":398,"column":12},"end":{"line":398,"column":84}}],"line":398},"47":{"loc":{"start":{"line":402,"column":12},"end":{"line":402,"column":84}},"type":"if","locations":[{"start":{"line":402,"column":12},"end":{"line":402,"column":84}},{"start":{"line":402,"column":12},"end":{"line":402,"column":84}}],"line":402},"48":{"loc":{"start":{"line":413,"column":16},"end":{"line":416,"column":17}},"type":"if","locations":[{"start":{"line":413,"column":16},"end":{"line":416,"column":17}},{"start":{"line":413,"column":16},"end":{"line":416,"column":17}}],"line":413},"49":{"loc":{"start":{"line":453,"column":12},"end":{"line":453,"column":84}},"type":"if","locations":[{"start":{"line":453,"column":12},"end":{"line":453,"column":84}},{"start":{"line":453,"column":12},"end":{"line":453,"column":84}}],"line":453},"50":{"loc":{"start":{"line":455,"column":12},"end":{"line":455,"column":113}},"type":"if","locations":[{"start":{"line":455,"column":12},"end":{"line":455,"column":113}},{"start":{"line":455,"column":12},"end":{"line":455,"column":113}}],"line":455},"51":{"loc":{"start":{"line":458,"column":12},"end":{"line":477,"column":13}},"type":"if","locations":[{"start":{"line":458,"column":12},"end":{"line":477,"column":13}},{"start":{"line":458,"column":12},"end":{"line":477,"column":13}}],"line":458},"52":{"loc":{"start":{"line":458,"column":15},"end":{"line":458,"column":42}},"type":"binary-expr","locations":[{"start":{"line":458,"column":15},"end":{"line":458,"column":21}},{"start":{"line":458,"column":25},"end":{"line":458,"column":42}}],"line":458},"53":{"loc":{"start":{"line":468,"column":28},"end":{"line":468,"column":93}},"type":"if","locations":[{"start":{"line":468,"column":28},"end":{"line":468,"column":93}},{"start":{"line":468,"column":28},"end":{"line":468,"column":93}}],"line":468}},"s":{"0":1,"1":1,"2":1,"3":1,"4":1,"5":1,"6":1,"7":1,"8":1,"9":19,"10":3,"11":2,"12":2,"13":2,"14":2,"15":1,"16":1,"17":3,"18":3,"19":3,"20":3,"21":3,"22":1,"23":2,"24":2,"25":1,"26":1,"27":3,"28":3,"29":3,"30":2,"31":1,"32":1,"33":5,"34":5,"35":5,"36":5,"37":5,"38":5,"39":4,"40":1,"41":3,"42":3,"43":1,"44":2,"45":2,"46":5,"47":5,"48":5,"49":4,"50":1,"51":3,"52":1,"53":2,"54":2,"55":1,"56":1,"57":3,"58":3,"59":3,"60":2,"61":1,"62":1,"63":1,"64":1,"65":1,"66":1,"67":1,"68":1,"69":1,"70":1,"71":2,"72":2,"73":2,"74":2,"75":2,"76":1,"77":16,"78":16,"79":16,"80":15,"81":1,"82":14,"83":13,"84":1,"85":12,"86":1,"87":11,"88":1,"89":10,"90":1,"91":9,"92":9,"93":9,"94":1,"95":8,"96":0,"97":8,"98":0,"99":8,"100":8,"101":8,"102":8,"103":0,"104":8,"105":8,"106":8,"107":3,"108":8,"109":8,"110":2,"111":8,"112":6,"113":6,"114":6,"115":6,"116":1,"117":6,"118":0,"119":6,"120":6,"121":5,"122":5,"123":0,"124":0,"125":5,"126":2,"127":5,"128":2,"129":5,"130":1,"131":5,"132":2,"133":6,"134":6,"135":6,"136":77,"137":77,"138":77,"139":6,"140":5,"141":5,"142":5,"143":4,"144":1,"145":3,"146":2,"147":1,"148":1,"149":1,"150":1,"151":1,"152":0,"153":1,"154":5,"155":5,"156":5,"157":4,"158":1,"159":3,"160":2,"161":1,"162":1,"163":1,"164":2,"165":1,"166":1,"167":1,"168":1,"169":1,"170":1,"171":1,"172":0,"173":1,"174":0,"175":1,"176":0,"177":0,"178":0,"179":0,"180":0,"181":0,"182":0,"183":0,"184":0,"185":0,"186":1,"187":1,"188":1,"189":1,"190":1,"191":1},"f":{"0":19,"1":2,"2":3,"3":3,"4":3,"5":3,"6":5,"7":5,"8":5,"9":5,"10":3,"11":3,"12":1,"13":1,"14":2,"15":16,"16":16,"17":3,"18":8,"19":2,"20":6,"21":6,"22":77,"23":5,"24":5,"25":0,"26":5,"27":5,"28":2,"29":1,"30":1,"31":0,"32":0,"33":0,"34":0,"35":1,"36":1},"b":{"0":[1,1],"1":[1,2],"2":[1,1],"3":[1,1],"4":[5,0],"5":[1,3],"6":[1,2],"7":[2,0],"8":[2,1],"9":[2,0],"10":[1,1],"11":[1,3],"12":[1,2],"13":[1,1],"14":[1,1],"15":[1,0],"16":[1,1],"17":[1,0],"18":[2,0],"19":[1,14],"20":[1,12],"21":[1,11],"22":[1,10],"23":[1,9],"24":[1,8],"25":[9,4,4,4],"26":[0,8],"27":[8,3,0,0],"28":[0,8],"29":[8,3,0],"30":[0,8],"31":[6,2],"32":[1,5],"33":[6,1],"34":[0,6],"35":[5,1],"36":[6,6,4,3,1,2,1],"37":[0,5],"38":[2,3],"39":[2,3],"40":[1,4],"41":[5,1],"42":[2,3],"43":[5,2],"44":[1,3],"45":[1,1],"46":[1,3],"47":[1,1],"48":[1,1],"49":[0,1],"50":[0,1],"51":[0,1],"52":[1,0],"53":[0,0]},"_coverageSchema":"43e27e138ebf9cfc5966b082cf9a028302ed4184","hash":"6f3c11406fb98647ded3e952d10a65fb7f9ab755"}
}
