TN:
SF:C:\Users\Miguel Angel\Documents\skylab\bootcamp\collab\skylab-bootcamp-201904\staff\miguel-angel-zapatero\auction\auction-api\logic\index.js
FN:23,(anonymous_0)
FN:35,(anonymous_1)
FN:52,(anonymous_2)
FN:60,(anonymous_3)
FN:80,(anonymous_4)
FN:85,(anonymous_5)
FN:102,(anonymous_6)
FN:112,(anonymous_7)
FN:137,(anonymous_8)
FN:144,(anonymous_9)
FN:166,(anonymous_10)
FN:171,(anonymous_11)
FN:177,(anonymous_12)
FN:186,(anonymous_13)
FN:190,(anonymous_14)
FN:214,(anonymous_15)
FN:221,(anonymous_16)
FN:255,(anonymous_17)
FN:269,(anonymous_18)
FN:270,(anonymous_19)
FN:291,(anonymous_20)
FN:335,(anonymous_21)
FN:338,(anonymous_22)
FN:356,(anonymous_23)
FN:362,(anonymous_24)
FN:374,(anonymous_25)
FN:390,(anonymous_26)
FN:396,(anonymous_27)
FN:412,(anonymous_28)
FN:437,(anonymous_29)
FN:451,(anonymous_30)
FN:466,(anonymous_31)
FN:466,(anonymous_32)
FN:467,(anonymous_33)
FN:476,(anonymous_34)
FN:486,(anonymous_35)
FN:498,(anonymous_36)
FNF:37
FNH:32
FNDA:19,(anonymous_0)
FNDA:2,(anonymous_1)
FNDA:3,(anonymous_2)
FNDA:3,(anonymous_3)
FNDA:3,(anonymous_4)
FNDA:3,(anonymous_5)
FNDA:5,(anonymous_6)
FNDA:5,(anonymous_7)
FNDA:5,(anonymous_8)
FNDA:5,(anonymous_9)
FNDA:3,(anonymous_10)
FNDA:3,(anonymous_11)
FNDA:1,(anonymous_12)
FNDA:1,(anonymous_13)
FNDA:2,(anonymous_14)
FNDA:16,(anonymous_15)
FNDA:16,(anonymous_16)
FNDA:3,(anonymous_17)
FNDA:8,(anonymous_18)
FNDA:2,(anonymous_19)
FNDA:6,(anonymous_20)
FNDA:6,(anonymous_21)
FNDA:77,(anonymous_22)
FNDA:5,(anonymous_23)
FNDA:5,(anonymous_24)
FNDA:0,(anonymous_25)
FNDA:5,(anonymous_26)
FNDA:5,(anonymous_27)
FNDA:2,(anonymous_28)
FNDA:1,(anonymous_29)
FNDA:1,(anonymous_30)
FNDA:0,(anonymous_31)
FNDA:0,(anonymous_32)
FNDA:0,(anonymous_33)
FNDA:0,(anonymous_34)
FNDA:1,(anonymous_35)
FNDA:1,(anonymous_36)
DA:1,1
DA:2,1
DA:3,1
DA:4,1
DA:5,1
DA:6,1
DA:7,1
DA:9,1
DA:11,1
DA:24,19
DA:31,3
DA:33,2
DA:35,2
DA:36,2
DA:38,2
DA:40,1
DA:53,3
DA:58,3
DA:60,3
DA:61,3
DA:63,3
DA:65,2
DA:67,2
DA:69,1
DA:81,3
DA:85,3
DA:86,3
DA:88,2
DA:90,1
DA:103,5
DA:108,5
DA:110,5
DA:112,5
DA:113,5
DA:114,4
DA:116,3
DA:117,3
DA:119,2
DA:126,2
DA:138,5
DA:144,5
DA:145,5
DA:147,4
DA:149,3
DA:151,2
DA:153,2
DA:155,1
DA:167,3
DA:171,3
DA:172,3
DA:173,2
DA:175,1
DA:177,1
DA:178,1
DA:185,1
DA:186,1
DA:187,1
DA:188,1
DA:189,1
DA:190,1
DA:191,2
DA:192,2
DA:194,2
DA:195,2
DA:196,2
DA:203,1
DA:215,16
DA:221,16
DA:222,16
DA:223,15
DA:225,14
DA:226,13
DA:228,12
DA:230,11
DA:232,10
DA:234,9
DA:235,9
DA:237,9
DA:238,1
DA:239,8
DA:240,0
DA:241,8
DA:242,0
DA:246,8
DA:247,8
DA:248,8
DA:249,8
DA:251,8
DA:253,8
DA:255,8
DA:256,3
DA:259,8
DA:270,8
DA:272,8
DA:273,6
DA:274,6
DA:292,6
DA:302,6
DA:304,6
DA:306,6
DA:308,6
DA:309,5
DA:311,5
DA:312,0
DA:313,0
DA:321,5
DA:322,5
DA:323,5
DA:324,1
DA:328,5
DA:329,2
DA:335,6
DA:336,6
DA:338,6
DA:339,77
DA:340,77
DA:341,77
DA:344,6
DA:357,5
DA:362,5
DA:363,5
DA:364,4
DA:366,3
DA:367,2
DA:369,1
DA:371,1
DA:372,1
DA:374,1
DA:375,0
DA:378,1
DA:391,5
DA:396,5
DA:397,5
DA:398,4
DA:401,3
DA:402,2
DA:404,1
DA:412,1
DA:413,2
DA:414,1
DA:415,1
DA:419,1
DA:438,1
DA:451,1
DA:452,1
DA:453,1
DA:455,1
DA:458,1
DA:459,0
DA:465,0
DA:466,0
DA:467,0
DA:468,0
DA:469,0
DA:472,0
DA:476,0
DA:479,1
DA:487,1
DA:492,1
DA:499,1
DA:504,1
DA:508,1
LF:162
LH:149
BRDA:38,0,0,1
BRDA:38,0,1,1
BRDA:63,1,0,1
BRDA:63,1,1,2
BRDA:67,2,0,1
BRDA:67,2,1,1
BRDA:88,3,0,1
BRDA:88,3,1,1
BRDA:110,4,0,5
BRDA:110,4,1,0
BRDA:114,5,0,1
BRDA:114,5,1,3
BRDA:117,6,0,1
BRDA:117,6,1,2
BRDA:120,7,0,2
BRDA:120,7,1,0
BRDA:121,8,0,2
BRDA:121,8,1,1
BRDA:122,9,0,2
BRDA:122,9,1,0
BRDA:123,10,0,1
BRDA:123,10,1,1
BRDA:147,11,0,1
BRDA:147,11,1,3
BRDA:149,12,0,1
BRDA:149,12,1,2
BRDA:153,13,0,1
BRDA:153,13,1,1
BRDA:173,14,0,1
BRDA:173,14,1,1
BRDA:185,15,0,1
BRDA:185,15,1,0
BRDA:185,16,0,1
BRDA:185,16,1,1
BRDA:189,17,0,1
BRDA:189,17,1,0
BRDA:194,18,0,2
BRDA:194,18,1,0
BRDA:223,19,0,1
BRDA:223,19,1,14
BRDA:226,20,0,1
BRDA:226,20,1,12
BRDA:228,21,0,1
BRDA:228,21,1,11
BRDA:230,22,0,1
BRDA:230,22,1,10
BRDA:232,23,0,1
BRDA:232,23,1,9
BRDA:237,24,0,1
BRDA:237,24,1,8
BRDA:237,25,0,9
BRDA:237,25,1,4
BRDA:237,25,2,4
BRDA:237,25,3,4
BRDA:239,26,0,0
BRDA:239,26,1,8
BRDA:239,27,0,8
BRDA:239,27,1,3
BRDA:239,27,2,0
BRDA:239,27,3,0
BRDA:241,28,0,0
BRDA:241,28,1,8
BRDA:241,29,0,8
BRDA:241,29,1,3
BRDA:241,29,2,0
BRDA:249,30,0,0
BRDA:249,30,1,8
BRDA:272,31,0,6
BRDA:272,31,1,2
BRDA:302,32,0,1
BRDA:302,32,1,5
BRDA:302,33,0,6
BRDA:302,33,1,1
BRDA:304,34,0,0
BRDA:304,34,1,6
BRDA:308,35,0,5
BRDA:308,35,1,1
BRDA:308,36,0,6
BRDA:308,36,1,6
BRDA:308,36,2,4
BRDA:308,36,3,3
BRDA:308,36,4,1
BRDA:308,36,5,2
BRDA:308,36,6,1
BRDA:311,37,0,0
BRDA:311,37,1,5
BRDA:321,38,0,2
BRDA:321,38,1,3
BRDA:322,39,0,2
BRDA:322,39,1,3
BRDA:323,40,0,1
BRDA:323,40,1,4
BRDA:323,41,0,5
BRDA:323,41,1,1
BRDA:328,42,0,2
BRDA:328,42,1,3
BRDA:328,43,0,5
BRDA:328,43,1,2
BRDA:364,44,0,1
BRDA:364,44,1,3
BRDA:367,45,0,1
BRDA:367,45,1,1
BRDA:398,46,0,1
BRDA:398,46,1,3
BRDA:402,47,0,1
BRDA:402,47,1,1
BRDA:413,48,0,1
BRDA:413,48,1,1
BRDA:453,49,0,0
BRDA:453,49,1,1
BRDA:455,50,0,0
BRDA:455,50,1,1
BRDA:458,51,0,0
BRDA:458,51,1,1
BRDA:458,52,0,1
BRDA:458,52,1,0
BRDA:468,53,0,0
BRDA:468,53,1,0
BRF:118
BRH:98
end_of_record
